 
==================================================================== 
[23/04/2026 23:45:03.34] START cadence=fast 
==================================================================== 
 
==================================================================== 
[24/04/2026  0:00:04.28] START cadence=fast 
==================================================================== 
 
==================================================================== 
[24/04/2026  0:15:04.46] START cadence=fast 
==================================================================== 
^C 
==================================================================== 
[24/04/2026  0:30:03.85] START cadence=fast 
==================================================================== 
 
==================================================================== 
[24/04/2026  0:45:03.97] START cadence=fast 
==================================================================== 
^C 
==================================================================== 
[24/04/2026  1:00:03.58] START cadence=fast 
==================================================================== 
 
==================================================================== 
[24/04/2026  9:04:49.66] START cadence=fast 
==================================================================== 
 
==================================================================== 
[24/04/2026  9:15:02.89] START cadence=fast 
==================================================================== 
 
==================================================================== 
[24/04/2026  9:30:02.34] START cadence=fast 
==================================================================== 
09:30:04  INFO      main  === Mamboleo scraper starting — 11 source(s): feed:kdf, feed:citizen_digital, feed:ktn_news, feed:capital_fm, feed:the_star, feed:ntv, feed:k24, feed:kenyans_co_ke, feed:pulse_live, feed:bbc_africa, feed:aljazeera_africa ===
09:30:04  INFO      main  --- FEED:KDF (limit=30) ---
